<?xml version="1.0" encoding="UTF-8"?>
<testng-results skipped="0" failed="0" ignored="0" total="1" passed="1">
  <reporter-output>
  </reporter-output>
  <suite name="Failed suite [Default suite]" duration-ms="30868" started-at="2020-05-22T21:01:51 EDT" finished-at="2020-05-22T21:02:22 EDT">
    <groups>
    </groups>
    <test name="Default test(failed)" duration-ms="30868" started-at="2020-05-22T21:01:51 EDT" finished-at="2020-05-22T21:02:22 EDT">
      <class name="com.td.testcases.NewTest">
        <test-method status="PASS" signature="startup()[pri:0, instance:com.td.testcases.NewTest@3a883ce7]" name="startup" is-config="true" duration-ms="8829" started-at="2020-05-22T21:01:51 EDT" finished-at="2020-05-22T21:02:00 EDT">
          <reporter-output>
          </reporter-output>
        </test-method> <!-- startup -->
        <test-method status="PASS" signature="bankingaccountstest()[pri:0, instance:com.td.testcases.NewTest@3a883ce7]" name="bankingaccountstest" duration-ms="21815" started-at="2020-05-22T21:02:00 EDT" finished-at="2020-05-22T21:02:22 EDT">
          <reporter-output>
          </reporter-output>
        </test-method> <!-- bankingaccountstest -->
        <test-method status="PASS" signature="teardown()[pri:0, instance:com.td.testcases.NewTest@3a883ce7]" name="teardown" is-config="true" duration-ms="169" started-at="2020-05-22T21:02:22 EDT" finished-at="2020-05-22T21:02:22 EDT">
          <reporter-output>
          </reporter-output>
        </test-method> <!-- teardown -->
      </class> <!-- com.td.testcases.NewTest -->
    </test> <!-- Default test(failed) -->
  </suite> <!-- Failed suite [Default suite] -->
</testng-results>
